<?xml version="1.0" encoding="UTF-8"?>
<!-- Generated by org.testng.reporters.JUnitReportReporter -->
<testsuite skipped="0" hostname="DESKTOP-PEV64MN" name="TestCases.CreditCardTest" tests="1" failures="0" timestamp="04 Jul 2023 16:15:54 GMT" time="0.000" errors="0">
  <testcase name="test4" time="0.000" classname="TestCases.CreditCardTest"/>
</testsuite> <!-- TestCases.CreditCardTest -->
