<?xml version="1.0" encoding="UTF-8"?>
<!-- Generated by org.testng.reporters.JUnitReportReporter -->
<testsuite skipped="0" hostname="DESKTOP-PEV64MN" name="TestCases.CarLoanTest" tests="1" failures="0" timestamp="04 Jul 2023 16:15:54 GMT" time="0.003" errors="0">
  <testcase name="test3" time="0.003" classname="TestCases.CarLoanTest"/>
</testsuite> <!-- TestCases.CarLoanTest -->
