<?xml version="1.0" encoding="UTF-8"?>
<!-- Generated by org.testng.reporters.JUnitReportReporter -->
<testsuite skipped="0" hostname="DESKTOP-PEV64MN" name="TestCases.HomeloanTest" tests="2" failures="0" timestamp="04 Jul 2023 16:15:54 GMT" time="0.000" errors="0">
  <testcase name="test2" time="0.000" classname="TestCases.HomeloanTest"/>
  <testcase name="test1" time="0.000" classname="TestCases.HomeloanTest"/>
</testsuite> <!-- TestCases.HomeloanTest -->
